[Sun Apr  6 23:58:40 2014] install: bbding
[Sun Apr  6 23:58:41 2014] install: cabin
[Sun Apr  6 23:58:41 2014] install: changepage
[Sun Apr  6 23:58:41 2014] install: cmap
[Sun Apr  6 23:58:41 2014] install: ec
[Sun Apr  6 23:58:41 2014] install: etoolbox
[Sun Apr  6 23:58:41 2014] install: fancybox
[Sun Apr  6 23:58:41 2014] install: fancyvrb
[Sun Apr  6 23:58:41 2014] install: fontaxes
[Sun Apr  6 23:58:41 2014] install: framed
[Sun Apr  6 23:58:42 2014] install: helvetic
[Sun Apr  6 23:58:42 2014] install: inconsolata
[Sun Apr  6 23:58:42 2014] install: l3kernel
[Sun Apr  6 23:58:42 2014] install: l3packages
[Sun Apr  6 23:58:42 2014] install: mdframed
[Sun Apr  6 23:58:42 2014] install: mdwtools
[Sun Apr  6 23:58:42 2014] install: microtype
[Sun Apr  6 23:58:42 2014] install: ms
[Sun Apr  6 23:58:42 2014] install: multirow
[Sun Apr  6 23:58:42 2014] install: mweights
[Sun Apr  6 23:58:43 2014] install: needspace
[Sun Apr  6 23:58:43 2014] install: parskip
[Sun Apr  6 23:58:43 2014] install: pgf
[Sun Apr  6 23:58:43 2014] install: threeparttable
[Sun Apr  6 23:58:43 2014] install: times
[Sun Apr  6 23:58:43 2014] install: titlesec
[Sun Apr  6 23:58:44 2014] install: upquote
[Sun Apr  6 23:58:44 2014] install: wrapfig
[Sun Apr  6 23:58:44 2014] install: xcolor
[Sun Apr  6 23:58:44 2014] install: xkeyval
